[debug] [2021-10-13T00:51:35.414Z] ----------------------------------------------------------------------
[debug] [2021-10-13T00:51:35.416Z] Command:       /usr/local/bin/node /Users/nicolequijada/.npm-global/bin/firebase init
[debug] [2021-10-13T00:51:35.416Z] CLI Version:   9.20.0
[debug] [2021-10-13T00:51:35.417Z] Platform:      darwin
[debug] [2021-10-13T00:51:35.417Z] Node Version:  v14.17.3
[debug] [2021-10-13T00:51:35.417Z] Time:          Tue Oct 12 2021 21:51:35 GMT-0300 (Chile Summer Time)
[debug] [2021-10-13T00:51:35.417Z] ----------------------------------------------------------------------
[debug] 
[debug] [2021-10-13T00:51:35.420Z] >>> [apiv2][query] GET https://firebase-public.firebaseio.com/cli.json [none]
[debug] [2021-10-13T00:51:35.498Z] > command requires scopes: ["email","openid","https://www.googleapis.com/auth/cloudplatformprojects.readonly","https://www.googleapis.com/auth/firebase","https://www.googleapis.com/auth/cloud-platform"]
[debug] [2021-10-13T00:51:35.498Z] > authorizing via signed-in user (quijadabnicolea@gmail.com)
[info] 
     ######## #### ########  ######## ########     ###     ######  ########
     ##        ##  ##     ## ##       ##     ##  ##   ##  ##       ##
     ######    ##  ########  ######   ########  #########  ######  ######
     ##        ##  ##    ##  ##       ##     ## ##     ##       ## ##
     ##       #### ##     ## ######## ########  ##     ##  ######  ########

You're about to initialize a Firebase project in this directory:

  /Users/nicolequijada/Documents/GitHub/React/SCL017-Burger-Queen

Before we get started, keep in mind:

  * You are initializing within an existing Firebase project directory

[debug] [2021-10-13T00:51:36.021Z] <<< [apiv2][status] GET https://firebase-public.firebaseio.com/cli.json 200
[debug] [2021-10-13T00:51:36.021Z] <<< [apiv2][body] GET https://firebase-public.firebaseio.com/cli.json {"cloudBuildErrorAfter":1594252800000,"cloudBuildWarnAfter":1590019200000,"defaultNode10After":1594252800000,"minVersion":"3.0.5","node8DeploysDisabledAfter":1613390400000,"node8RuntimeDisabledAfter":1615809600000,"node8WarnAfter":1600128000000}
